Arguments: 
  /home/jeangerard/.nvm/versions/node/v8.6.0/bin/node /home/jeangerard/.nvm/versions/node/v8.6.0/bin/yarn

PATH: 
  /home/jeangerard/.nvm/versions/node/v8.6.0/bin:/home/jeangerard/.rvm/gems/ruby-2.4.1/bin:/home/jeangerard/.rvm/gems/ruby-2.4.1@global/bin:/home/jeangerard/.rvm/rubies/ruby-2.4.1/bin:/home/jeangerard/bin:/usr/local/sbin:/usr/local/bin:/usr/sbin:/usr/bin:/sbin:/bin:/usr/games:/usr/local/games:/snap/bin:/usr/lib/jvm/java-8-oracle/bin:/usr/lib/jvm/java-8-oracle/db/bin:/usr/lib/jvm/java-8-oracle/jre/bin:/home/jeangerard/.rvm/bin:~/.config/composer/vendor/bin:/home/jeangerard/.yarn-config/global/node_modules/.bin:/home/jeangerard/Android/Sdk:/home/jeangerard//home/jeangerard/Android/Sdk/build-tools/23.0.2/:/home/jeangerard/Android/Sdk/tools:/home/jeangerard/Android/Sdk/platform-tools:/usr/local/java/jdk1.8.0_121/bin:/home/jeangerard/.rvm/bin:/usr/lib/jvm/java-8-oracle/

Yarn version: 
  1.2.1

Node version: 
  8.6.0

Platform: 
  linux x64

npm manifest: 
  {
    "dependencies": {
      "materialize-css": "^1.0.0-alpha.3",
    },
    "devDependencies": {}
  }

yarn manifest: 
  No manifest

Lockfile: 
  # THIS IS AN AUTOGENERATED FILE. DO NOT EDIT THIS FILE DIRECTLY.
  # yarn lockfile v1
  
  
  bootstrap@^3.3.7:
    version "3.3.7"
    resolved "https://registry.yarnpkg.com/bootstrap/-/bootstrap-3.3.7.tgz#5a389394549f23330875a3b150656574f8a9eb71"
  
  jquery.countdown@^1.2.8:
    version "1.2.8"
    resolved "https://registry.yarnpkg.com/jquery.countdown/-/jquery.countdown-1.2.8.tgz#9a224de619ae527aeb4f4eb4a790a93dee0e6276"
  
  jquery.easing@^1.4.1:
    version "1.4.1"
    resolved "https://registry.yarnpkg.com/jquery.easing/-/jquery.easing-1.4.1.tgz#47982c5836bd758fd48494923c4a101ef6e93e3b"
  
  jquery@^3.2.1:
    version "3.2.1"
    resolved "https://registry.yarnpkg.com/jquery/-/jquery-3.2.1.tgz#5c4d9de652af6cd0a770154a631bba12b015c787"

Trace: 
  SyntaxError: /home/jeangerard/Desktop/Projects/web/jgb_neat_design_static/package.json: Unexpected token } in JSON at position 65
      at JSON.parse (<anonymous>)
      at /home/jeangerard/.nvm/versions/node/v8.6.0/lib/node_modules/yarn/lib/cli.js:770:59
      at Generator.next (<anonymous>)
      at step (/home/jeangerard/.nvm/versions/node/v8.6.0/lib/node_modules/yarn/lib/cli.js:92:30)
      at /home/jeangerard/.nvm/versions/node/v8.6.0/lib/node_modules/yarn/lib/cli.js:103:13
      at <anonymous>
